  world.cpp
game_res\cpp\region\world.cpp(285): warning C4244: '*=': 'double' から 'int' への変換です。データが失われる可能性があります。
game_res\cpp\region\world.cpp(286): warning C4244: '*=': 'double' から 'int' への変換です。データが失われる可能性があります。
game_res\cpp\region\world.cpp(287): warning C4244: '*=': 'double' から 'int' への変換です。データが失われる可能性があります。
game_res\cpp\region\world.cpp(292): warning C4244: '*=': 'double' から 'int' への変換です。データが失われる可能性があります。
game_res\cpp\region\world.cpp(293): warning C4244: '*=': 'double' から 'int' への変換です。データが失われる可能性があります。
game_res\cpp\region\world.cpp(294): warning C4244: '*=': 'double' から 'int' への変換です。データが失われる可能性があります。
game_res\cpp\region\world.cpp(299): warning C4244: '*=': 'double' から 'int' への変換です。データが失われる可能性があります。
game_res\cpp\region\world.cpp(300): warning C4244: '*=': 'double' から 'int' への変換です。データが失われる可能性があります。
game_res\cpp\region\world.cpp(301): warning C4244: '*=': 'double' から 'int' への変換です。データが失われる可能性があります。
game_res\cpp\region\world.cpp(306): warning C4244: '*=': 'double' から 'int' への変換です。データが失われる可能性があります。
game_res\cpp\region\world.cpp(307): warning C4244: '*=': 'double' から 'int' への変換です。データが失われる可能性があります。
game_res\cpp\region\world.cpp(308): warning C4244: '*=': 'double' から 'int' への変換です。データが失われる可能性があります。
game_res\cpp\region\world.cpp(313): warning C4244: '*=': 'double' から 'int' への変換です。データが失われる可能性があります。
game_res\cpp\region\world.cpp(314): warning C4244: '*=': 'double' から 'int' への変換です。データが失われる可能性があります。
game_res\cpp\region\world.cpp(315): warning C4244: '*=': 'double' から 'int' への変換です。データが失われる可能性があります。
game_res\cpp\region\world.cpp(320): warning C4244: '*=': 'double' から 'int' への変換です。データが失われる可能性があります。
game_res\cpp\region\world.cpp(321): warning C4244: '*=': 'double' から 'int' への変換です。データが失われる可能性があります。
game_res\cpp\region\world.cpp(322): warning C4244: '*=': 'double' から 'int' への変換です。データが失われる可能性があります。
game_res\cpp\region\world.cpp(327): warning C4244: '*=': 'double' から 'int' への変換です。データが失われる可能性があります。
game_res\cpp\region\world.cpp(328): warning C4244: '*=': 'double' から 'int' への変換です。データが失われる可能性があります。
game_res\cpp\region\world.cpp(329): warning C4244: '*=': 'double' から 'int' への変換です。データが失われる可能性があります。
game_res\cpp\region\world.cpp(334): warning C4244: '*=': 'double' から 'int' への変換です。データが失われる可能性があります。
game_res\cpp\region\world.cpp(335): warning C4244: '*=': 'double' から 'int' への変換です。データが失われる可能性があります。
game_res\cpp\region\world.cpp(336): warning C4244: '*=': 'double' から 'int' への変換です。データが失われる可能性があります。
game_res\cpp\region\world.cpp(341): warning C4244: '*=': 'double' から 'int' への変換です。データが失われる可能性があります。
game_res\cpp\region\world.cpp(342): warning C4244: '*=': 'double' から 'int' への変換です。データが失われる可能性があります。
game_res\cpp\region\world.cpp(343): warning C4244: '*=': 'double' から 'int' への変換です。データが失われる可能性があります。
game_res\cpp\region\world.cpp(348): warning C4244: '*=': 'double' から 'int' への変換です。データが失われる可能性があります。
game_res\cpp\region\world.cpp(349): warning C4244: '*=': 'double' から 'int' への変換です。データが失われる可能性があります。
game_res\cpp\region\world.cpp(350): warning C4244: '*=': 'double' から 'int' への変換です。データが失われる可能性があります。
game_res\cpp\region\world.cpp(355): warning C4244: '*=': 'double' から 'int' への変換です。データが失われる可能性があります。
game_res\cpp\region\world.cpp(356): warning C4244: '*=': 'double' から 'int' への変換です。データが失われる可能性があります。
game_res\cpp\region\world.cpp(357): warning C4244: '*=': 'double' から 'int' への変換です。データが失われる可能性があります。
game_res\cpp\region\world.cpp(362): warning C4244: '*=': 'double' から 'int' への変換です。データが失われる可能性があります。
game_res\cpp\region\world.cpp(363): warning C4244: '*=': 'double' から 'int' への変換です。データが失われる可能性があります。
game_res\cpp\region\world.cpp(364): warning C4244: '*=': 'double' から 'int' への変換です。データが失われる可能性があります。
game_res\cpp\region\world.cpp(395): warning C4244: '*=': 'double' から 'int' への変換です。データが失われる可能性があります。
game_res\cpp\region\world.cpp(396): warning C4244: '*=': 'double' から 'int' への変換です。データが失われる可能性があります。
game_res\cpp\region\world.cpp(397): warning C4244: '*=': 'double' から 'int' への変換です。データが失われる可能性があります。
game_res\cpp\region\world.cpp(402): warning C4244: '*=': 'double' から 'int' への変換です。データが失われる可能性があります。
game_res\cpp\region\world.cpp(403): warning C4244: '*=': 'double' から 'int' への変換です。データが失われる可能性があります。
game_res\cpp\region\world.cpp(404): warning C4244: '*=': 'double' から 'int' への変換です。データが失われる可能性があります。
game_res\cpp\region\world.cpp(409): warning C4244: '*=': 'double' から 'int' への変換です。データが失われる可能性があります。
game_res\cpp\region\world.cpp(410): warning C4244: '*=': 'double' から 'int' への変換です。データが失われる可能性があります。
game_res\cpp\region\world.cpp(411): warning C4244: '*=': 'double' から 'int' への変換です。データが失われる可能性があります。
game_res\cpp\region\world.cpp(416): warning C4244: '*=': 'double' から 'int' への変換です。データが失われる可能性があります。
game_res\cpp\region\world.cpp(417): warning C4244: '*=': 'double' から 'int' への変換です。データが失われる可能性があります。
game_res\cpp\region\world.cpp(418): warning C4244: '*=': 'double' から 'int' への変換です。データが失われる可能性があります。
game_res\cpp\region\world.cpp(423): warning C4244: '*=': 'double' から 'int' への変換です。データが失われる可能性があります。
game_res\cpp\region\world.cpp(424): warning C4244: '*=': 'double' から 'int' への変換です。データが失われる可能性があります。
game_res\cpp\region\world.cpp(425): warning C4244: '*=': 'double' から 'int' への変換です。データが失われる可能性があります。
game_res\cpp\region\world.cpp(430): warning C4244: '*=': 'double' から 'int' への変換です。データが失われる可能性があります。
game_res\cpp\region\world.cpp(431): warning C4244: '*=': 'double' から 'int' への変換です。データが失われる可能性があります。
game_res\cpp\region\world.cpp(432): warning C4244: '*=': 'double' から 'int' への変換です。データが失われる可能性があります。
game_res\cpp\region\world.cpp(437): warning C4244: '*=': 'double' から 'int' への変換です。データが失われる可能性があります。
game_res\cpp\region\world.cpp(438): warning C4244: '*=': 'double' から 'int' への変換です。データが失われる可能性があります。
game_res\cpp\region\world.cpp(439): warning C4244: '*=': 'double' から 'int' への変換です。データが失われる可能性があります。
game_res\cpp\region\world.cpp(444): warning C4244: '*=': 'double' から 'int' への変換です。データが失われる可能性があります。
game_res\cpp\region\world.cpp(445): warning C4244: '*=': 'double' から 'int' への変換です。データが失われる可能性があります。
game_res\cpp\region\world.cpp(446): warning C4244: '*=': 'double' から 'int' への変換です。データが失われる可能性があります。
game_res\cpp\region\world.cpp(451): warning C4244: '*=': 'double' から 'int' への変換です。データが失われる可能性があります。
game_res\cpp\region\world.cpp(452): warning C4244: '*=': 'double' から 'int' への変換です。データが失われる可能性があります。
game_res\cpp\region\world.cpp(453): warning C4244: '*=': 'double' から 'int' への変換です。データが失われる可能性があります。
game_res\cpp\region\world.cpp(458): warning C4244: '*=': 'double' から 'int' への変換です。データが失われる可能性があります。
game_res\cpp\region\world.cpp(459): warning C4244: '*=': 'double' から 'int' への変換です。データが失われる可能性があります。
game_res\cpp\region\world.cpp(460): warning C4244: '*=': 'double' から 'int' への変換です。データが失われる可能性があります。
game_res\cpp\region\world.cpp(465): warning C4244: '*=': 'double' から 'int' への変換です。データが失われる可能性があります。
game_res\cpp\region\world.cpp(466): warning C4244: '*=': 'double' から 'int' への変換です。データが失われる可能性があります。
game_res\cpp\region\world.cpp(467): warning C4244: '*=': 'double' から 'int' への変換です。データが失われる可能性があります。
game_res\cpp\region\world.cpp(472): warning C4244: '*=': 'double' から 'int' への変換です。データが失われる可能性があります。
game_res\cpp\region\world.cpp(473): warning C4244: '*=': 'double' から 'int' への変換です。データが失われる可能性があります。
game_res\cpp\region\world.cpp(474): warning C4244: '*=': 'double' から 'int' への変換です。データが失われる可能性があります。
game_res\cpp\region\world.cpp(506): warning C4244: '*=': 'double' から 'int' への変換です。データが失われる可能性があります。
game_res\cpp\region\world.cpp(507): warning C4244: '*=': 'double' から 'int' への変換です。データが失われる可能性があります。
game_res\cpp\region\world.cpp(513): warning C4244: '*=': 'double' から 'int' への変換です。データが失われる可能性があります。
game_res\cpp\region\world.cpp(514): warning C4244: '*=': 'double' から 'int' への変換です。データが失われる可能性があります。
game_res\cpp\region\world.cpp(520): warning C4244: '*=': 'double' から 'int' への変換です。データが失われる可能性があります。
game_res\cpp\region\world.cpp(521): warning C4244: '*=': 'double' から 'int' への変換です。データが失われる可能性があります。
game_res\cpp\region\world.cpp(527): warning C4244: '*=': 'double' から 'int' への変換です。データが失われる可能性があります。
game_res\cpp\region\world.cpp(528): warning C4244: '*=': 'double' から 'int' への変換です。データが失われる可能性があります。
game_res\cpp\region\world.cpp(534): warning C4244: '*=': 'double' から 'int' への変換です。データが失われる可能性があります。
game_res\cpp\region\world.cpp(535): warning C4244: '*=': 'double' から 'int' への変換です。データが失われる可能性があります。
game_res\cpp\region\world.cpp(541): warning C4244: '*=': 'double' から 'int' への変換です。データが失われる可能性があります。
game_res\cpp\region\world.cpp(542): warning C4244: '*=': 'double' から 'int' への変換です。データが失われる可能性があります。
game_res\cpp\region\world.cpp(548): warning C4244: '*=': 'double' から 'int' への変換です。データが失われる可能性があります。
game_res\cpp\region\world.cpp(549): warning C4244: '*=': 'double' から 'int' への変換です。データが失われる可能性があります。
game_res\cpp\region\world.cpp(555): warning C4244: '*=': 'double' から 'int' への変換です。データが失われる可能性があります。
game_res\cpp\region\world.cpp(556): warning C4244: '*=': 'double' から 'int' への変換です。データが失われる可能性があります。
game_res\cpp\region\world.cpp(562): warning C4244: '*=': 'double' から 'int' への変換です。データが失われる可能性があります。
game_res\cpp\region\world.cpp(563): warning C4244: '*=': 'double' から 'int' への変換です。データが失われる可能性があります。
game_res\cpp\region\world.cpp(569): warning C4244: '*=': 'double' から 'int' への変換です。データが失われる可能性があります。
game_res\cpp\region\world.cpp(570): warning C4244: '*=': 'double' から 'int' への変換です。データが失われる可能性があります。
game_res\cpp\region\world.cpp(576): warning C4244: '*=': 'double' から 'int' への変換です。データが失われる可能性があります。
game_res\cpp\region\world.cpp(577): warning C4244: '*=': 'double' から 'int' への変換です。データが失われる可能性があります。
game_res\cpp\region\world.cpp(583): warning C4244: '*=': 'double' から 'int' への変換です。データが失われる可能性があります。
game_res\cpp\region\world.cpp(584): warning C4244: '*=': 'double' から 'int' への変換です。データが失われる可能性があります。
game_res\cpp\region\world.cpp(617): warning C4244: '*=': 'double' から 'int' への変換です。データが失われる可能性があります。
game_res\cpp\region\world.cpp(618): warning C4244: '*=': 'double' から 'int' への変換です。データが失われる可能性があります。
game_res\cpp\region\world.cpp(624): warning C4244: '*=': 'double' から 'int' への変換です。データが失われる可能性があります。
game_res\cpp\region\world.cpp(625): warning C4244: '*=': 'double' から 'int' への変換です。データが失われる可能性があります。
game_res\cpp\region\world.cpp(631): warning C4244: '*=': 'double' から 'int' への変換です。データが失われる可能性があります。
game_res\cpp\region\world.cpp(632): warning C4244: '*=': 'double' から 'int' への変換です。データが失われる可能性があります。
game_res\cpp\region\world.cpp(638): warning C4244: '*=': 'double' から 'int' への変換です。データが失われる可能性があります。
game_res\cpp\region\world.cpp(639): warning C4244: '*=': 'double' から 'int' への変換です。データが失われる可能性があります。
game_res\cpp\region\world.cpp(645): warning C4244: '*=': 'double' から 'int' への変換です。データが失われる可能性があります。
game_res\cpp\region\world.cpp(646): warning C4244: '*=': 'double' から 'int' への変換です。データが失われる可能性があります。
game_res\cpp\region\world.cpp(652): warning C4244: '*=': 'double' から 'int' への変換です。データが失われる可能性があります。
game_res\cpp\region\world.cpp(653): warning C4244: '*=': 'double' から 'int' への変換です。データが失われる可能性があります。
game_res\cpp\region\world.cpp(659): warning C4244: '*=': 'double' から 'int' への変換です。データが失われる可能性があります。
game_res\cpp\region\world.cpp(660): warning C4244: '*=': 'double' から 'int' への変換です。データが失われる可能性があります。
game_res\cpp\region\world.cpp(666): warning C4244: '*=': 'double' から 'int' への変換です。データが失われる可能性があります。
game_res\cpp\region\world.cpp(667): warning C4244: '*=': 'double' から 'int' への変換です。データが失われる可能性があります。
game_res\cpp\region\world.cpp(673): warning C4244: '*=': 'double' から 'int' への変換です。データが失われる可能性があります。
game_res\cpp\region\world.cpp(674): warning C4244: '*=': 'double' から 'int' への変換です。データが失われる可能性があります。
game_res\cpp\region\world.cpp(680): warning C4244: '*=': 'double' から 'int' への変換です。データが失われる可能性があります。
game_res\cpp\region\world.cpp(681): warning C4244: '*=': 'double' から 'int' への変換です。データが失われる可能性があります。
game_res\cpp\region\world.cpp(687): warning C4244: '*=': 'double' から 'int' への変換です。データが失われる可能性があります。
game_res\cpp\region\world.cpp(688): warning C4244: '*=': 'double' から 'int' への変換です。データが失われる可能性があります。
game_res\cpp\region\world.cpp(694): warning C4244: '*=': 'double' から 'int' への変換です。データが失われる可能性があります。
game_res\cpp\region\world.cpp(695): warning C4244: '*=': 'double' から 'int' への変換です。データが失われる可能性があります。
game_res\cpp\region\world.cpp(729): warning C4244: '*=': 'double' から 'int' への変換です。データが失われる可能性があります。
game_res\cpp\region\world.cpp(736): warning C4244: '*=': 'double' から 'int' への変換です。データが失われる可能性があります。
game_res\cpp\region\world.cpp(743): warning C4244: '*=': 'double' から 'int' への変換です。データが失われる可能性があります。
game_res\cpp\region\world.cpp(750): warning C4244: '*=': 'double' から 'int' への変換です。データが失われる可能性があります。
game_res\cpp\region\world.cpp(757): warning C4244: '*=': 'double' から 'int' への変換です。データが失われる可能性があります。
game_res\cpp\region\world.cpp(764): warning C4244: '*=': 'double' から 'int' への変換です。データが失われる可能性があります。
game_res\cpp\region\world.cpp(771): warning C4244: '*=': 'double' から 'int' への変換です。データが失われる可能性があります。
game_res\cpp\region\world.cpp(778): warning C4244: '*=': 'double' から 'int' への変換です。データが失われる可能性があります。
game_res\cpp\region\world.cpp(785): warning C4244: '*=': 'double' から 'int' への変換です。データが失われる可能性があります。
game_res\cpp\region\world.cpp(792): warning C4244: '*=': 'double' から 'int' への変換です。データが失われる可能性があります。
game_res\cpp\region\world.cpp(799): warning C4244: '*=': 'double' から 'int' への変換です。データが失われる可能性があります。
game_res\cpp\region\world.cpp(806): warning C4244: '*=': 'double' から 'int' への変換です。データが失われる可能性があります。
game_res\cpp\region\world.cpp(839): warning C4244: '*=': 'double' から 'int' への変換です。データが失われる可能性があります。
game_res\cpp\region\world.cpp(846): warning C4244: '*=': 'double' から 'int' への変換です。データが失われる可能性があります。
game_res\cpp\region\world.cpp(853): warning C4244: '*=': 'double' から 'int' への変換です。データが失われる可能性があります。
game_res\cpp\region\world.cpp(860): warning C4244: '*=': 'double' から 'int' への変換です。データが失われる可能性があります。
game_res\cpp\region\world.cpp(867): warning C4244: '*=': 'double' から 'int' への変換です。データが失われる可能性があります。
game_res\cpp\region\world.cpp(874): warning C4244: '*=': 'double' から 'int' への変換です。データが失われる可能性があります。
game_res\cpp\region\world.cpp(881): warning C4244: '*=': 'double' から 'int' への変換です。データが失われる可能性があります。
game_res\cpp\region\world.cpp(888): warning C4244: '*=': 'double' から 'int' への変換です。データが失われる可能性があります。
game_res\cpp\region\world.cpp(895): warning C4244: '*=': 'double' から 'int' への変換です。データが失われる可能性があります。
game_res\cpp\region\world.cpp(902): warning C4244: '*=': 'double' から 'int' への変換です。データが失われる可能性があります。
game_res\cpp\region\world.cpp(909): warning C4244: '*=': 'double' から 'int' への変換です。データが失われる可能性があります。
game_res\cpp\region\world.cpp(916): warning C4244: '*=': 'double' から 'int' への変換です。データが失われる可能性があります。
  コード生成しています。
  2 of 978 functions ( 0.2%) were compiled, the rest were copied from previous compilation.
    0 functions were new in current compilation
    1 functions had inline decision re-evaluated but remain unchanged
  コード生成が終了しました。
  DiploidEngine_DirectX.vcxproj -> C:\GameProject\simProject\DiploidEngine_DirectX\Release\DiploidEngine_DirectX.exe
