  WindowsMain.cpp
  DiploidEngineApp.cpp
c:\gameproject\game02\diploidengine_directx\cpp\diploidapp\diploidengineapp.cpp(62): warning C4244: '引数': 'int' から 'float' への変換です。データが失われる可能性があります。
c:\gameproject\game02\diploidengine_directx\cpp\diploidapp\diploidengineapp.cpp(292): warning C4244: '+=': 'float' から 'int' への変換です。データが失われる可能性があります。
c:\gameproject\game02\diploidengine_directx\cpp\diploidapp\diploidengineapp.cpp(293): warning C4244: '+=': 'float' から 'int' への変換です。データが失われる可能性があります。
c:\gameproject\game02\diploidengine_directx\cpp\diploidapp\diploidengineapp.cpp(308): warning C4244: '+=': 'float' から 'int' への変換です。データが失われる可能性があります。
c:\gameproject\game02\diploidengine_directx\cpp\diploidapp\diploidengineapp.cpp(309): warning C4244: '+=': 'float' から 'int' への変換です。データが失われる可能性があります。
c:\gameproject\game02\diploidengine_directx\cpp\diploidapp\diploidengineapp.cpp(324): warning C4244: '+=': 'float' から 'int' への変換です。データが失われる可能性があります。
c:\gameproject\game02\diploidengine_directx\cpp\diploidapp\diploidengineapp.cpp(325): warning C4244: '+=': 'float' から 'int' への変換です。データが失われる可能性があります。
c:\gameproject\game02\diploidengine_directx\cpp\diploidapp\diploidengineapp.cpp(344): warning C4244: '+=': 'float' から 'int' への変換です。データが失われる可能性があります。
c:\gameproject\game02\diploidengine_directx\cpp\diploidapp\diploidengineapp.cpp(345): warning C4244: '+=': 'float' から 'int' への変換です。データが失われる可能性があります。
c:\gameproject\game02\diploidengine_directx\cpp\diploidapp\diploidengineapp.cpp(360): warning C4244: '+=': 'float' から 'int' への変換です。データが失われる可能性があります。
c:\gameproject\game02\diploidengine_directx\cpp\diploidapp\diploidengineapp.cpp(361): warning C4244: '+=': 'float' から 'int' への変換です。データが失われる可能性があります。
c:\gameproject\game02\diploidengine_directx\cpp\diploidapp\diploidengineapp.cpp(376): warning C4244: '+=': 'float' から 'int' への変換です。データが失われる可能性があります。
c:\gameproject\game02\diploidengine_directx\cpp\diploidapp\diploidengineapp.cpp(377): warning C4244: '+=': 'float' から 'int' への変換です。データが失われる可能性があります。
c:\gameproject\game02\diploidengine_directx\cpp\diploidapp\diploidengineapp.cpp(395): warning C4244: '+=': 'float' から 'int' への変換です。データが失われる可能性があります。
c:\gameproject\game02\diploidengine_directx\cpp\diploidapp\diploidengineapp.cpp(396): warning C4244: '+=': 'float' から 'int' への変換です。データが失われる可能性があります。
c:\gameproject\game02\diploidengine_directx\cpp\diploidapp\diploidengineapp.cpp(411): warning C4244: '+=': 'float' から 'int' への変換です。データが失われる可能性があります。
c:\gameproject\game02\diploidengine_directx\cpp\diploidapp\diploidengineapp.cpp(412): warning C4244: '+=': 'float' から 'int' への変換です。データが失われる可能性があります。
c:\gameproject\game02\diploidengine_directx\cpp\diploidapp\diploidengineapp.cpp(427): warning C4244: '+=': 'float' から 'int' への変換です。データが失われる可能性があります。
c:\gameproject\game02\diploidengine_directx\cpp\diploidapp\diploidengineapp.cpp(428): warning C4244: '+=': 'float' から 'int' への変換です。データが失われる可能性があります。
c:\gameproject\game02\diploidengine_directx\cpp\diploidapp\diploidengineapp.cpp(445): warning C4244: '+=': 'float' から 'int' への変換です。データが失われる可能性があります。
c:\gameproject\game02\diploidengine_directx\cpp\diploidapp\diploidengineapp.cpp(446): warning C4244: '+=': 'float' から 'int' への変換です。データが失われる可能性があります。
c:\gameproject\game02\diploidengine_directx\cpp\diploidapp\diploidengineapp.cpp(461): warning C4244: '+=': 'float' から 'int' への変換です。データが失われる可能性があります。
c:\gameproject\game02\diploidengine_directx\cpp\diploidapp\diploidengineapp.cpp(462): warning C4244: '+=': 'float' から 'int' への変換です。データが失われる可能性があります。
c:\gameproject\game02\diploidengine_directx\cpp\diploidapp\diploidengineapp.cpp(477): warning C4244: '+=': 'float' から 'int' への変換です。データが失われる可能性があります。
c:\gameproject\game02\diploidengine_directx\cpp\diploidapp\diploidengineapp.cpp(478): warning C4244: '+=': 'float' から 'int' への変換です。データが失われる可能性があります。
c:\gameproject\game02\diploidengine_directx\cpp\diploidapp\diploidengineapp.cpp(496): warning C4244: '+=': 'float' から 'int' への変換です。データが失われる可能性があります。
c:\gameproject\game02\diploidengine_directx\cpp\diploidapp\diploidengineapp.cpp(497): warning C4244: '+=': 'float' から 'int' への変換です。データが失われる可能性があります。
c:\gameproject\game02\diploidengine_directx\cpp\diploidapp\diploidengineapp.cpp(512): warning C4244: '+=': 'float' から 'int' への変換です。データが失われる可能性があります。
c:\gameproject\game02\diploidengine_directx\cpp\diploidapp\diploidengineapp.cpp(513): warning C4244: '+=': 'float' から 'int' への変換です。データが失われる可能性があります。
c:\gameproject\game02\diploidengine_directx\cpp\diploidapp\diploidengineapp.cpp(528): warning C4244: '+=': 'float' から 'int' への変換です。データが失われる可能性があります。
c:\gameproject\game02\diploidengine_directx\cpp\diploidapp\diploidengineapp.cpp(529): warning C4244: '+=': 'float' から 'int' への変換です。データが失われる可能性があります。
c:\gameproject\game02\diploidengine_directx\cpp\diploidapp\diploidengineapp.cpp(547): warning C4244: '+=': 'float' から 'int' への変換です。データが失われる可能性があります。
c:\gameproject\game02\diploidengine_directx\cpp\diploidapp\diploidengineapp.cpp(548): warning C4244: '+=': 'float' から 'int' への変換です。データが失われる可能性があります。
c:\gameproject\game02\diploidengine_directx\cpp\diploidapp\diploidengineapp.cpp(563): warning C4244: '+=': 'float' から 'int' への変換です。データが失われる可能性があります。
c:\gameproject\game02\diploidengine_directx\cpp\diploidapp\diploidengineapp.cpp(564): warning C4244: '+=': 'float' から 'int' への変換です。データが失われる可能性があります。
c:\gameproject\game02\diploidengine_directx\cpp\diploidapp\diploidengineapp.cpp(579): warning C4244: '+=': 'float' から 'int' への変換です。データが失われる可能性があります。
c:\gameproject\game02\diploidengine_directx\cpp\diploidapp\diploidengineapp.cpp(580): warning C4244: '+=': 'float' から 'int' への変換です。データが失われる可能性があります。
c:\gameproject\game02\diploidengine_directx\cpp\diploidapp\diploidengineapp.cpp(598): warning C4244: '+=': 'float' から 'int' への変換です。データが失われる可能性があります。
c:\gameproject\game02\diploidengine_directx\cpp\diploidapp\diploidengineapp.cpp(599): warning C4244: '+=': 'float' から 'int' への変換です。データが失われる可能性があります。
c:\gameproject\game02\diploidengine_directx\cpp\diploidapp\diploidengineapp.cpp(614): warning C4244: '+=': 'float' から 'int' への変換です。データが失われる可能性があります。
c:\gameproject\game02\diploidengine_directx\cpp\diploidapp\diploidengineapp.cpp(615): warning C4244: '+=': 'float' から 'int' への変換です。データが失われる可能性があります。
c:\gameproject\game02\diploidengine_directx\cpp\diploidapp\diploidengineapp.cpp(630): warning C4244: '+=': 'float' から 'int' への変換です。データが失われる可能性があります。
c:\gameproject\game02\diploidengine_directx\cpp\diploidapp\diploidengineapp.cpp(631): warning C4244: '+=': 'float' から 'int' への変換です。データが失われる可能性があります。
c:\gameproject\game02\diploidengine_directx\cpp\diploidapp\diploidengineapp.cpp(649): warning C4244: '+=': 'float' から 'int' への変換です。データが失われる可能性があります。
c:\gameproject\game02\diploidengine_directx\cpp\diploidapp\diploidengineapp.cpp(650): warning C4244: '+=': 'float' から 'int' への変換です。データが失われる可能性があります。
c:\gameproject\game02\diploidengine_directx\cpp\diploidapp\diploidengineapp.cpp(665): warning C4244: '+=': 'float' から 'int' への変換です。データが失われる可能性があります。
c:\gameproject\game02\diploidengine_directx\cpp\diploidapp\diploidengineapp.cpp(666): warning C4244: '+=': 'float' から 'int' への変換です。データが失われる可能性があります。
c:\gameproject\game02\diploidengine_directx\cpp\diploidapp\diploidengineapp.cpp(681): warning C4244: '+=': 'float' から 'int' への変換です。データが失われる可能性があります。
c:\gameproject\game02\diploidengine_directx\cpp\diploidapp\diploidengineapp.cpp(682): warning C4244: '+=': 'float' から 'int' への変換です。データが失われる可能性があります。
c:\gameproject\game02\diploidengine_directx\cpp\diploidapp\diploidengineapp.cpp(704): warning C4244: '-=': 'double' から 'int' への変換です。データが失われる可能性があります。
c:\gameproject\game02\diploidengine_directx\cpp\diploidapp\diploidengineapp.cpp(705): warning C4244: '+=': 'double' から 'int' への変換です。データが失われる可能性があります。
c:\gameproject\game02\diploidengine_directx\cpp\diploidapp\diploidengineapp.cpp(707): warning C4244: '=': 'double' から 'int' への変換です。データが失われる可能性があります。
c:\gameproject\game02\diploidengine_directx\cpp\diploidapp\diploidengineapp.cpp(708): warning C4244: '=': 'double' から 'int' への変換です。データが失われる可能性があります。
c:\gameproject\game02\diploidengine_directx\cpp\diploidapp\diploidengineapp.cpp(712): warning C4244: '-=': 'double' から 'int' への変換です。データが失われる可能性があります。
c:\gameproject\game02\diploidengine_directx\cpp\diploidapp\diploidengineapp.cpp(713): warning C4244: '-=': 'double' から 'int' への変換です。データが失われる可能性があります。
c:\gameproject\game02\diploidengine_directx\cpp\diploidapp\diploidengineapp.cpp(715): warning C4244: '=': 'double' から 'int' への変換です。データが失われる可能性があります。
c:\gameproject\game02\diploidengine_directx\cpp\diploidapp\diploidengineapp.cpp(716): warning C4244: '=': 'double' から 'int' への変換です。データが失われる可能性があります。
c:\gameproject\game02\diploidengine_directx\cpp\diploidapp\diploidengineapp.cpp(1230): warning C4244: '引数': 'float' から 'int' への変換です。データが失われる可能性があります。
c:\gameproject\game02\diploidengine_directx\cpp\diploidapp\diploidengineapp.cpp(1236): warning C4244: '引数': 'float' から 'int' への変換です。データが失われる可能性があります。
c:\gameproject\game02\diploidengine_directx\cpp\diploidapp\diploidengineapp.cpp(1242): warning C4244: '引数': 'float' から 'int' への変換です。データが失われる可能性があります。
c:\gameproject\game02\diploidengine_directx\cpp\diploidapp\diploidengineapp.cpp(1248): warning C4244: '引数': 'float' から 'int' への変換です。データが失われる可能性があります。
c:\gameproject\game02\diploidengine_directx\cpp\diploidapp\diploidengineapp.cpp(1254): warning C4244: '引数': 'float' から 'int' への変換です。データが失われる可能性があります。
c:\gameproject\game02\diploidengine_directx\cpp\diploidapp\diploidengineapp.cpp(1260): warning C4244: '引数': 'float' から 'int' への変換です。データが失われる可能性があります。
c:\gameproject\game02\diploidengine_directx\cpp\diploidapp\diploidengineapp.cpp(1266): warning C4244: '引数': 'float' から 'int' への変換です。データが失われる可能性があります。
c:\gameproject\game02\diploidengine_directx\cpp\diploidapp\diploidengineapp.cpp(1272): warning C4244: '引数': 'float' から 'int' への変換です。データが失われる可能性があります。
c:\gameproject\game02\diploidengine_directx\cpp\diploidapp\diploidengineapp.cpp(1278): warning C4244: '引数': 'float' から 'int' への変換です。データが失われる可能性があります。
  DiploidEngineImpact.cpp
c:\gameproject\game02\diploidengine_directx\cpp\diploidimpact\diploidengineimpact.cpp(21): warning C4244: '=': 'unsigned int' から 'float' への変換です。データが失われる可能性があります。
c:\gameproject\game02\diploidengine_directx\cpp\diploidimpact\diploidengineimpact.cpp(22): warning C4244: '=': 'unsigned int' から 'float' への変換です。データが失われる可能性があります。
c:\gameproject\game02\diploidengine_directx\cpp\diploidimpact\diploidengineimpact.cpp(23): warning C4244: '=': 'unsigned int' から 'float' への変換です。データが失われる可能性があります。
c:\gameproject\game02\diploidengine_directx\cpp\diploidimpact\diploidengineimpact.cpp(24): warning C4244: '=': 'unsigned int' から 'float' への変換です。データが失われる可能性があります。
c:\gameproject\game02\diploidengine_directx\cpp\diploidimpact\diploidengineimpact.cpp(554): warning C4805: '==': 演算中の 'int' 型と 'bool' 型の混用は安全ではありません
  コードを生成中...
c:\gameproject\game02\diploidengine_directx\cpp\diploidimpact\diploidengineimpact.cpp(1386): warning C4715: 'DiploidEngineImpact::GetCircleCenterPosition': 値を返さないコントロール パスがあります。
c:\gameproject\game02\diploidengine_directx\cpp\diploidimpact\diploidengineimpact.cpp(1372): warning C4715: 'DiploidEngineImpact::GetBoxCenterPosition': 値を返さないコントロール パスがあります。
c:\gameproject\game02\diploidengine_directx\cpp\diploidimpact\diploidengineimpact.cpp(1400): warning C4715: 'DiploidEngineImpact::GetPointPosition': 値を返さないコントロール パスがあります。
c:\gameproject\game02\diploidengine_directx\cpp\diploidimpact\diploidengineimpact.cpp(1633): warning C4715: 'DiploidEngineImpact::GetPointNumber': 値を返さないコントロール パスがあります。
c:\gameproject\game02\diploidengine_directx\cpp\diploidimpact\diploidengineimpact.cpp(1643): warning C4715: 'DiploidEngineImpact::GetCircleNumber': 値を返さないコントロール パスがあります。
c:\gameproject\game02\diploidengine_directx\cpp\diploidimpact\diploidengineimpact.cpp(1623): warning C4715: 'DiploidEngineImpact::GetBoxNumber': 値を返さないコントロール パスがあります。
c:\gameproject\game02\diploidengine_directx\cpp\diploidimpact\diploidengineimpact.cpp(1653): warning C4715: 'DiploidEngineImpact::GetLineNumber': 値を返さないコントロール パスがあります。
c:\gameproject\game02\diploidengine_directx\cpp\diploidimpact\diploidengineimpact.cpp(1698): warning C4715: 'DiploidEngineImpact::GetBoxLayerNumber': 値を返さないコントロール パスがあります。
c:\gameproject\game02\diploidengine_directx\cpp\diploidimpact\diploidengineimpact.cpp(1708): warning C4715: 'DiploidEngineImpact::GetPointLayerNumber': 値を返さないコントロール パスがあります。
c:\gameproject\game02\diploidengine_directx\cpp\diploidimpact\diploidengineimpact.cpp(1718): warning C4715: 'DiploidEngineImpact::GetCircleLayerNumber': 値を返さないコントロール パスがあります。
c:\gameproject\game02\diploidengine_directx\cpp\diploidimpact\diploidengineimpact.cpp(1728): warning C4715: 'DiploidEngineImpact::GetLineLayerNumber': 値を返さないコントロール パスがあります。
c:\gameproject\game02\diploidengine_directx\cpp\diploidimpact\diploidengineimpact.cpp(1915): warning C4715: 'DiploidEngineImpact::GetBoxInfo': 値を返さないコントロール パスがあります。
  DiploidEngine_DirectX.vcxproj -> C:\GameProject\game02\Debug\DiploidEngine_DirectX.exe
