  custom_number.cpp
  dice.cpp
  dice_3d6n.cpp
  explore_test_map.cpp
  main_castle.cpp
  command_ui.cpp
  season_panel.cpp
  status_bar.cpp
  DiploidEngineApp.cpp
  DiploidEngineMain.cpp
  DiploidEngineImpact.cpp
c:\gameproject\sim_game_01\diploidengine_directx\cpp\diploidimpact\diploidengineimpact.cpp(21): warning C4244: '=': 'unsigned int' から 'float' への変換です。データが失われる可能性があります。
c:\gameproject\sim_game_01\diploidengine_directx\cpp\diploidimpact\diploidengineimpact.cpp(22): warning C4244: '=': 'unsigned int' から 'float' への変換です。データが失われる可能性があります。
c:\gameproject\sim_game_01\diploidengine_directx\cpp\diploidimpact\diploidengineimpact.cpp(23): warning C4244: '=': 'unsigned int' から 'float' への変換です。データが失われる可能性があります。
c:\gameproject\sim_game_01\diploidengine_directx\cpp\diploidimpact\diploidengineimpact.cpp(24): warning C4244: '=': 'unsigned int' から 'float' への変換です。データが失われる可能性があります。
c:\gameproject\sim_game_01\diploidengine_directx\cpp\diploidimpact\diploidengineimpact.cpp(554): warning C4805: '==': 演算中の 'int' 型と 'bool' 型の混用は安全ではありません
  diploidSystem.cpp
  diploidUI.cpp
c:\gameproject\sim_game_01\diploidengine_directx\cpp\diploidui\diploidui.cpp(17): warning C4244: '引数': 'int' から 'float' への変換です。データが失われる可能性があります。
c:\gameproject\sim_game_01\diploidengine_directx\cpp\diploidui\diploidui.cpp(81): warning C4244: '=': 'float' から 'int' への変換です。データが失われる可能性があります。
c:\gameproject\sim_game_01\diploidengine_directx\cpp\diploidui\diploidui.cpp(82): warning C4244: '=': 'float' から 'int' への変換です。データが失われる可能性があります。
c:\gameproject\sim_game_01\diploidengine_directx\cpp\diploidui\diploidui.cpp(83): warning C4244: '=': 'float' から 'int' への変換です。データが失われる可能性があります。
c:\gameproject\sim_game_01\diploidengine_directx\cpp\diploidui\diploidui.cpp(95): warning C4244: '=': 'float' から 'int' への変換です。データが失われる可能性があります。
c:\gameproject\sim_game_01\diploidengine_directx\cpp\diploidui\diploidui.cpp(96): warning C4244: '=': 'float' から 'int' への変換です。データが失われる可能性があります。
c:\gameproject\sim_game_01\diploidengine_directx\cpp\diploidui\diploidui.cpp(97): warning C4244: '=': 'float' から 'int' への変換です。データが失われる可能性があります。
c:\gameproject\sim_game_01\diploidengine_directx\cpp\diploidui\diploidui.cpp(185): warning C4244: '引数': 'int' から 'float' への変換です。データが失われる可能性があります。
c:\gameproject\sim_game_01\diploidengine_directx\cpp\diploidui\diploidui.cpp(246): warning C4244: '=': 'float' から 'int' への変換です。データが失われる可能性があります。
c:\gameproject\sim_game_01\diploidengine_directx\cpp\diploidui\diploidui.cpp(247): warning C4244: '=': 'float' から 'int' への変換です。データが失われる可能性があります。
c:\gameproject\sim_game_01\diploidengine_directx\cpp\diploidui\diploidui.cpp(248): warning C4244: '=': 'float' から 'int' への変換です。データが失われる可能性があります。
c:\gameproject\sim_game_01\diploidengine_directx\cpp\diploidui\diploidui.cpp(260): warning C4244: '=': 'float' から 'int' への変換です。データが失われる可能性があります。
c:\gameproject\sim_game_01\diploidengine_directx\cpp\diploidui\diploidui.cpp(261): warning C4244: '=': 'float' から 'int' への変換です。データが失われる可能性があります。
c:\gameproject\sim_game_01\diploidengine_directx\cpp\diploidui\diploidui.cpp(262): warning C4244: '=': 'float' から 'int' への変換です。データが失われる可能性があります。
  WindowsMain.cpp
  コードを生成中...
c:\gameproject\sim_game_01\diploidengine_directx\cpp\diploidimpact\diploidengineimpact.cpp(1338): warning C4715: 'DiploidEngineImpact::GetBoxCenterPosition': 値を返さないコントロール パスがあります。
c:\gameproject\sim_game_01\diploidengine_directx\cpp\diploidimpact\diploidengineimpact.cpp(1352): warning C4715: 'DiploidEngineImpact::GetCircleCenterPosition': 値を返さないコントロール パスがあります。
c:\gameproject\sim_game_01\diploidengine_directx\cpp\diploidimpact\diploidengineimpact.cpp(1366): warning C4715: 'DiploidEngineImpact::GetPointPosition': 値を返さないコントロール パスがあります。
c:\gameproject\sim_game_01\diploidengine_directx\cpp\diploidimpact\diploidengineimpact.cpp(1599): warning C4715: 'DiploidEngineImpact::GetPointNumber': 値を返さないコントロール パスがあります。
c:\gameproject\sim_game_01\diploidengine_directx\cpp\diploidimpact\diploidengineimpact.cpp(1589): warning C4715: 'DiploidEngineImpact::GetBoxNumber': 値を返さないコントロール パスがあります。
c:\gameproject\sim_game_01\diploidengine_directx\cpp\diploidimpact\diploidengineimpact.cpp(1609): warning C4715: 'DiploidEngineImpact::GetCircleNumber': 値を返さないコントロール パスがあります。
c:\gameproject\sim_game_01\diploidengine_directx\cpp\diploidimpact\diploidengineimpact.cpp(1619): warning C4715: 'DiploidEngineImpact::GetLineNumber': 値を返さないコントロール パスがあります。
c:\gameproject\sim_game_01\diploidengine_directx\cpp\diploidimpact\diploidengineimpact.cpp(1664): warning C4715: 'DiploidEngineImpact::GetBoxLayerNumber': 値を返さないコントロール パスがあります。
c:\gameproject\sim_game_01\diploidengine_directx\cpp\diploidimpact\diploidengineimpact.cpp(1684): warning C4715: 'DiploidEngineImpact::GetCircleLayerNumber': 値を返さないコントロール パスがあります。
c:\gameproject\sim_game_01\diploidengine_directx\cpp\diploidimpact\diploidengineimpact.cpp(1674): warning C4715: 'DiploidEngineImpact::GetPointLayerNumber': 値を返さないコントロール パスがあります。
c:\gameproject\sim_game_01\diploidengine_directx\cpp\diploidimpact\diploidengineimpact.cpp(1694): warning C4715: 'DiploidEngineImpact::GetLineLayerNumber': 値を返さないコントロール パスがあります。
c:\gameproject\sim_game_01\diploidengine_directx\cpp\diploidimpact\diploidengineimpact.cpp(1881): warning C4715: 'DiploidEngineImpact::GetBoxInfo': 値を返さないコントロール パスがあります。
  DiploidEngine_DirectX.vcxproj -> C:\GameProject\sim_game_01\Debug\DiploidEngine_DirectX.exe
