  WindowsMain.cpp
  custom_number.cpp
  dice.cpp
  dice_3d6n.cpp
  dice_result_bord.cpp
  command_ui.cpp
  season_panel.cpp
  main_castle.cpp
  number.cpp
  DiploidEngineApp.cpp
  DiploidEngineMain.cpp
  DiploidEngineImpact.cpp
c:\gameproject\sim_game_01\diploidengine_directx\cpp\diploidimpact\diploidengineimpact.cpp(21): warning C4244: '=': 'unsigned int' から 'float' への変換です。データが失われる可能性があります。
c:\gameproject\sim_game_01\diploidengine_directx\cpp\diploidimpact\diploidengineimpact.cpp(22): warning C4244: '=': 'unsigned int' から 'float' への変換です。データが失われる可能性があります。
c:\gameproject\sim_game_01\diploidengine_directx\cpp\diploidimpact\diploidengineimpact.cpp(23): warning C4244: '=': 'unsigned int' から 'float' への変換です。データが失われる可能性があります。
c:\gameproject\sim_game_01\diploidengine_directx\cpp\diploidimpact\diploidengineimpact.cpp(24): warning C4244: '=': 'unsigned int' から 'float' への変換です。データが失われる可能性があります。
c:\gameproject\sim_game_01\diploidengine_directx\cpp\diploidimpact\diploidengineimpact.cpp(552): warning C4805: '==': 演算中の 'int' 型と 'bool' 型の混用は安全ではありません
  DiploidEngineObject.cpp
  DiploidEngineTag.cpp
  diploidSystem.cpp
  diploidUI.cpp
c:\gameproject\sim_game_01\diploidengine_directx\cpp\diploidui\diploidui.cpp(17): warning C4244: '引数': 'int' から 'float' への変換です。データが失われる可能性があります。
c:\gameproject\sim_game_01\diploidengine_directx\cpp\diploidui\diploidui.cpp(81): warning C4244: '=': 'float' から 'int' への変換です。データが失われる可能性があります。
c:\gameproject\sim_game_01\diploidengine_directx\cpp\diploidui\diploidui.cpp(82): warning C4244: '=': 'float' から 'int' への変換です。データが失われる可能性があります。
c:\gameproject\sim_game_01\diploidengine_directx\cpp\diploidui\diploidui.cpp(83): warning C4244: '=': 'float' から 'int' への変換です。データが失われる可能性があります。
c:\gameproject\sim_game_01\diploidengine_directx\cpp\diploidui\diploidui.cpp(95): warning C4244: '=': 'float' から 'int' への変換です。データが失われる可能性があります。
c:\gameproject\sim_game_01\diploidengine_directx\cpp\diploidui\diploidui.cpp(96): warning C4244: '=': 'float' から 'int' への変換です。データが失われる可能性があります。
c:\gameproject\sim_game_01\diploidengine_directx\cpp\diploidui\diploidui.cpp(97): warning C4244: '=': 'float' から 'int' への変換です。データが失われる可能性があります。
c:\gameproject\sim_game_01\diploidengine_directx\cpp\diploidui\diploidui.cpp(185): warning C4244: '引数': 'int' から 'float' への変換です。データが失われる可能性があります。
c:\gameproject\sim_game_01\diploidengine_directx\cpp\diploidui\diploidui.cpp(246): warning C4244: '=': 'float' から 'int' への変換です。データが失われる可能性があります。
c:\gameproject\sim_game_01\diploidengine_directx\cpp\diploidui\diploidui.cpp(247): warning C4244: '=': 'float' から 'int' への変換です。データが失われる可能性があります。
c:\gameproject\sim_game_01\diploidengine_directx\cpp\diploidui\diploidui.cpp(248): warning C4244: '=': 'float' から 'int' への変換です。データが失われる可能性があります。
c:\gameproject\sim_game_01\diploidengine_directx\cpp\diploidui\diploidui.cpp(260): warning C4244: '=': 'float' から 'int' への変換です。データが失われる可能性があります。
c:\gameproject\sim_game_01\diploidengine_directx\cpp\diploidui\diploidui.cpp(261): warning C4244: '=': 'float' から 'int' への変換です。データが失われる可能性があります。
c:\gameproject\sim_game_01\diploidengine_directx\cpp\diploidui\diploidui.cpp(262): warning C4244: '=': 'float' から 'int' への変換です。データが失われる可能性があります。
  コード生成しています。
  17 of 1309 functions ( 1.3%) were compiled, the rest were copied from previous compilation.
    0 functions were new in current compilation
    8 functions had inline decision re-evaluated but remain unchanged
  コード生成が終了しました。
  DiploidEngine_DirectX.vcxproj -> C:\GameProject\sim_game_01\Release\DiploidEngine_DirectX.exe
